<?xml version="1.0" encoding="UTF-8"?>
<testng-results ignored="0" total="3" passed="3" failed="0" skipped="0">
  <reporter-output>
  </reporter-output>
  <suite started-at="2024-10-22T14:28:38 IST" name="Suite" finished-at="2024-10-22T14:28:38 IST" duration-ms="124">
    <groups>
    </groups>
    <test started-at="2024-10-22T14:28:38 IST" name="Test" finished-at="2024-10-22T14:28:38 IST" duration-ms="60">
      <class name="selenium.practiceclass">
        <test-method signature="test2()[pri:0, instance:selenium.practiceclass@2b71e916]" started-at="2024-10-22T14:28:38 IST" name="test2" finished-at="2024-10-22T14:28:38 IST" duration-ms="14" status="PASS">
          <reporter-output>
          </reporter-output>
        </test-method> <!-- test2 -->
        <test-method is-config="true" signature="test1()[pri:0, instance:selenium.practiceclass@2b71e916]" started-at="2024-10-22T14:28:38 IST" name="test1" finished-at="2024-10-22T14:28:38 IST" duration-ms="4" status="PASS">
          <reporter-output>
          </reporter-output>
        </test-method> <!-- test1 -->
      </class> <!-- selenium.practiceclass -->
    </test> <!-- Test -->
    <test started-at="2024-10-22T14:28:38 IST" name="Test1" finished-at="2024-10-22T14:28:38 IST" duration-ms="8">
      <class name="selenium.Locatorpractice">
        <test-method signature="test2()[pri:0, instance:selenium.Locatorpractice@74e52ef6]" started-at="2024-10-22T14:28:38 IST" name="test2" finished-at="2024-10-22T14:28:38 IST" duration-ms="2" status="PASS">
          <reporter-output>
          </reporter-output>
        </test-method> <!-- test2 -->
        <test-method signature="test3()[pri:0, instance:selenium.Locatorpractice@74e52ef6]" started-at="2024-10-22T14:28:38 IST" name="test3" finished-at="2024-10-22T14:28:38 IST" duration-ms="1" status="PASS">
          <reporter-output>
          </reporter-output>
        </test-method> <!-- test3 -->
      </class> <!-- selenium.Locatorpractice -->
    </test> <!-- Test1 -->
  </suite> <!-- Suite -->
</testng-results>
